19/07/2021, 9:56:35 - INFO - Server is running on port: 3030 
19/07/2021, 9:57:45 - INFO - Server is running on port: 3030 
19/07/2021, 9:58:45 - INFO - Server is running on port: 3030 
19/07/2021, 9:58:54 - INFO - Server is running on port: 3030 
19/07/2021, 10:15:24 - INFO - Server is running on port: 3030 
19/07/2021, 10:15:33 - ERROR - Failed to add board | TypeError: Cannot read property '_id' of undefined (sid: 2X1QlJf2qGIF3u6mPQyKCOw_-RTwxayX)
19/07/2021, 10:15:46 - ERROR - Failed to add board | TypeError: Cannot read property '_id' of undefined (sid: 2X1QlJf2qGIF3u6mPQyKCOw_-RTwxayX)
19/07/2021, 10:16:41 - INFO - Server is running on port: 3030 
19/07/2021, 10:17:00 - ERROR - Failed to add board | ReferenceError: reviewService is not defined (sid: vZ2neK4ZyLsy_4NxoNqtclnZwW1tyXky)
19/07/2021, 10:18:15 - INFO - Server is running on port: 3030 
19/07/2021, 10:18:44 - ERROR - Failed to add board | ReferenceError: reviewService is not defined (sid: O4jJiLPylY0fCFz4wKgiw9IlYAAg0UKV)
19/07/2021, 10:19:09 - INFO - Server is running on port: 3030 
19/07/2021, 10:19:21 - ERROR - Failed to add board | ReferenceError: logger is not defined (sid: uzEwhgDnIvMVGZwDWdYU8jgCtuk4cbC-)
19/07/2021, 10:19:43 - INFO - Server is running on port: 3030 
19/07/2021, 10:19:50 - ERROR - cannot insert board | ReferenceError: review is not defined (sid: KVirOBI9_Cntck-23a3HkWZv3PBwz7sl)
19/07/2021, 10:19:50 - ERROR - Failed to add board | ReferenceError: review is not defined (sid: KVirOBI9_Cntck-23a3HkWZv3PBwz7sl)
19/07/2021, 10:21:01 - INFO - Server is running on port: 3030 
19/07/2021, 10:26:36 - INFO - Server is running on port: 3030 
19/07/2021, 10:27:25 - INFO - Server is running on port: 3030 
19/07/2021, 10:27:33 - INFO - Server is running on port: 3030 
19/07/2021, 10:27:35 - INFO - Server is running on port: 3030 
19/07/2021, 10:27:41 - INFO - Server is running on port: 3030 
19/07/2021, 10:28:14 - ERROR - Failed to add board | TypeError: Assignment to constant variable. (sid: 915PEI6ZAw3Dz65IsUfb416QLIBZ4DwD)
19/07/2021, 10:28:30 - INFO - Server is running on port: 3030 
19/07/2021, 10:29:55 - INFO - Server is running on port: 3030 
19/07/2021, 10:30:08 - INFO - Server is running on port: 3030 
19/07/2021, 10:30:31 - ERROR - can not update board | TypeError: Cannot read property '_id' of undefined (sid: I9tKvfRjGYPBmTC2vVP_phbXMYTFXCMh)
19/07/2021, 10:32:11 - INFO - Server is running on port: 3030 
19/07/2021, 10:32:37 - INFO - Server is running on port: 3030 
19/07/2021, 10:32:49 - ERROR - can not update board | TypeError: Cannot read property '_id' of undefined (sid: KiaaaSV6eb1vWqZxWlVqLvX0Qoyfu7uz)
19/07/2021, 10:33:03 - INFO - Server is running on port: 3030 
19/07/2021, 10:33:21 - ERROR - can not update board | TypeError: Cannot read property '_id' of undefined (sid: ZmkohbJ2lnwefhwN5BhdMUZWrq4ZOqMZ)
19/07/2021, 10:34:45 - INFO - Server is running on port: 3030 
19/07/2021, 10:34:55 - ERROR - can not update board | TypeError: Cannot read property '_id' of undefined (sid: _JRG-L47zOp0M5E9iE-YLfznEGZb_hKg)
19/07/2021, 10:37:17 - INFO - Server is running on port: 3030 
19/07/2021, 10:37:55 - ERROR - can not update board | TypeError: Cannot read property 'toBSON' of undefined (sid: RgSychbVAaMi3EX_rh25KJZxSavmDock)
19/07/2021, 10:41:26 - INFO - Server is running on port: 3030 
19/07/2021, 10:41:32 - ERROR - can not update board | ReferenceError: Cannot access 'board' before initialization (sid: Ej9J9luGiUBMkpfI6riShURJildzDwof)
19/07/2021, 10:42:24 - INFO - Server is running on port: 3030 
19/07/2021, 10:42:29 - ERROR - can not update board | MongoError: query selector must be an object (sid: Yf9uaqjLx8IY2iPKzjoWLB4U5B2_X0l1)
19/07/2021, 10:43:28 - INFO - Server is running on port: 3030 
19/07/2021, 10:44:17 - INFO - Server is running on port: 3030 
19/07/2021, 10:44:20 - ERROR - can not update board | TypeError: Cannot read property 'toBSON' of undefined (sid: lLXEjh1fJXNINlOXJKG7-CSzcJ4jkP2C)
19/07/2021, 10:46:24 - INFO - Server is running on port: 3030 
19/07/2021, 10:46:40 - ERROR - can not update board | TypeError: Update document requires atomic operators (sid: yD_Cta8YZrzndTT2ata8FAkPrtfMu2A7)
19/07/2021, 10:47:35 - INFO - Server is running on port: 3030 
19/07/2021, 10:47:46 - ERROR - can not update board | TypeError: Update document requires atomic operators (sid: XX86sLAP61a9QGst_C98faHwmpTW7HpL)
19/07/2021, 10:51:45 - INFO - Server is running on port: 3030 
19/07/2021, 10:54:06 - INFO - Server is running on port: 3030 
19/07/2021, 10:54:58 - INFO - Server is running on port: 3030 
19/07/2021, 10:55:57 - INFO - Server is running on port: 3030 
19/07/2021, 10:56:01 - ERROR - can not update board | MongoError: Performing an update on the path '_id' would modify the immutable field '_id' (sid: GQ_xE_vlGc32cByBiLI8N8dB4SxH7Vl7)
19/07/2021, 10:57:22 - INFO - Server is running on port: 3030 
19/07/2021, 11:06:52 - INFO - Server is running on port: 3030 
19/07/2021, 11:07:10 - INFO - Server is running on port: 3030 
7/19/2021, 12:05:32 PM - INFO - Server is running on port: 3030 
